# JRE version: Java(TM) SE Runtime Environment (8.0_91-b14) (build 1.8.0_91-b14)
# Java VM: Java HotSpot(TM) 64-Bit Server VM (25.91-b14 mixed mode linux-amd64 compressed oops)
Heap:
 PSYoungGen      total 116736K, used 8851K [0x00000000f5580000, 0x0000000100000000, 0x0000000100000000)
  eden space 58880K, 0% used [0x00000000f5580000,0x00000000f5580000,0x00000000f8f00000)
  from space 57856K, 15% used [0x00000000f8f00000,0x00000000f97a4cf0,0x00000000fc780000)
  to   space 57856K, 0% used [0x00000000fc780000,0x00000000fc780000,0x0000000100000000)
 ParOldGen       total 122368K, used 102306K [0x00000000e0000000, 0x00000000e7780000, 0x00000000f5580000)
  object space 122368K, 83% used [0x00000000e0000000,0x00000000e63e8820,0x00000000e7780000)
 Metaspace       used 23812K, capacity 24542K, committed 24704K, reserved 1071104K
  class space    used 2688K, capacity 2843K, committed 2944K, reserved 1048576K
GC Heap History (10 events):
Event: 19.660 GC heap after
Heap after GC invocations=15 (full 2):
 PSYoungGen      total 127488K, used 38621K [0x00000000f5580000, 0x0000000100000000, 0x0000000100000000)
  eden space 88576K, 0% used [0x00000000f5580000,0x00000000f5580000,0x00000000fac00000)
  from space 38912K, 99% used [0x00000000fac00000,0x00000000fd1b7400,0x00000000fd200000)
  to   space 47104K, 0% used [0x00000000fd200000,0x00000000fd200000,0x0000000100000000)
 ParOldGen       total 122368K, used 71422K [0x00000000e0000000, 0x00000000e7780000, 0x00000000f5580000)
  object space 122368K, 58% used [0x00000000e0000000,0x00000000e45bf878,0x00000000e7780000)
 Metaspace       used 22054K, capacity 22776K, committed 22912K, reserved 1069056K
  class space    used 2527K, capacity 2682K, committed 2688K, reserved 1048576K
}
Event: 20.932 GC heap before
{Heap before GC invocations=16 (full 2):
 PSYoungGen      total 127488K, used 127197K [0x00000000f5580000, 0x0000000100000000, 0x0000000100000000)
  eden space 88576K, 100% used [0x00000000f5580000,0x00000000fac00000,0x00000000fac00000)
  from space 38912K, 99% used [0x00000000fac00000,0x00000000fd1b7400,0x00000000fd200000)
  to   space 47104K, 0% used [0x00000000fd200000,0x00000000fd200000,0x0000000100000000)
 ParOldGen       total 122368K, used 71422K [0x00000000e0000000, 0x00000000e7780000, 0x00000000f5580000)
  object space 122368K, 58% used [0x00000000e0000000,0x00000000e45bf878,0x00000000e7780000)
 Metaspace       used 22328K, capacity 23006K, committed 23296K, reserved 1069056K
  class space    used 2547K, capacity 2715K, committed 2816K, reserved 1048576K
Event: 21.060 GC heap after
Heap after GC invocations=16 (full 2):
 PSYoungGen      total 114176K, used 43293K [0x00000000f5580000, 0x0000000100000000, 0x0000000100000000)
  eden space 67072K, 0% used [0x00000000f5580000,0x00000000f5580000,0x00000000f9700000)
  from space 47104K, 91% used [0x00000000fd200000,0x00000000ffc474d8,0x0000000100000000)
  to   space 53760K, 0% used [0x00000000f9700000,0x00000000f9700000,0x00000000fcb80000)
 ParOldGen       total 122368K, used 71430K [0x00000000e0000000, 0x00000000e7780000, 0x00000000f5580000)
  object space 122368K, 58% used [0x00000000e0000000,0x00000000e45c1878,0x00000000e7780000)
 Metaspace       used 22328K, capacity 23006K, committed 23296K, reserved 1069056K
  class space    used 2547K, capacity 2715K, committed 2816K, reserved 1048576K
}
Event: 24.915 GC heap before
{Heap before GC invocations=17 (full 2):
 PSYoungGen      total 114176K, used 110365K [0x00000000f5580000, 0x0000000100000000, 0x0000000100000000)
  eden space 67072K, 100% used [0x00000000f5580000,0x00000000f9700000,0x00000000f9700000)
  from space 47104K, 91% used [0x00000000fd200000,0x00000000ffc474d8,0x0000000100000000)
  to   space 53760K, 0% used [0x00000000f9700000,0x00000000f9700000,0x00000000fcb80000)
 ParOldGen       total 122368K, used 71430K [0x00000000e0000000, 0x00000000e7780000, 0x00000000f5580000)
  object space 122368K, 58% used [0x00000000e0000000,0x00000000e45c1878,0x00000000e7780000)
 Metaspace       used 23322K, capacity 23998K, committed 24064K, reserved 1071104K
  class space    used 2648K, capacity 2811K, committed 2816K, reserved 1048576K
Event: 25.095 GC heap after
Heap after GC invocations=17 (full 2):
 PSYoungGen      total 109568K, used 42041K [0x00000000f5580000, 0x0000000100000000, 0x0000000100000000)
  eden space 67072K, 0% used [0x00000000f5580000,0x00000000f5580000,0x00000000f9700000)
  from space 42496K, 98% used [0x00000000f9700000,0x00000000fc00e5d8,0x00000000fc080000)
  to   space 57856K, 0% used [0x00000000fc780000,0x00000000fc780000,0x0000000100000000)
 ParOldGen       total 122368K, used 71438K [0x00000000e0000000, 0x00000000e7780000, 0x00000000f5580000)
  object space 122368K, 58% used [0x00000000e0000000,0x00000000e45c3878,0x00000000e7780000)
 Metaspace       used 23322K, capacity 23998K, committed 24064K, reserved 1071104K
  class space    used 2648K, capacity 2811K, committed 2816K, reserved 1048576K
}
Event: 27.831 GC heap before
{Heap before GC invocations=18 (full 2):
 PSYoungGen      total 109568K, used 109113K [0x00000000f5580000, 0x0000000100000000, 0x0000000100000000)
  eden space 67072K, 100% used [0x00000000f5580000,0x00000000f9700000,0x00000000f9700000)
  from space 42496K, 98% used [0x00000000f9700000,0x00000000fc00e5d8,0x00000000fc080000)
  to   space 57856K, 0% used [0x00000000fc780000,0x00000000fc780000,0x0000000100000000)
 ParOldGen       total 122368K, used 71438K [0x00000000e0000000, 0x00000000e7780000, 0x00000000f5580000)
  object space 122368K, 58% used [0x00000000e0000000,0x00000000e45c3878,0x00000000e7780000)
 Metaspace       used 23787K, capacity 24478K, committed 24704K, reserved 1071104K
  class space    used 2688K, capacity 2843K, committed 2944K, reserved 1048576K
Event: 27.932 GC heap after
Heap after GC invocations=18 (full 2):
 PSYoungGen      total 116736K, used 38475K [0x00000000f5580000, 0x0000000100000000, 0x0000000100000000)
  eden space 58880K, 0% used [0x00000000f5580000,0x00000000f5580000,0x00000000f8f00000)
  from space 57856K, 66% used [0x00000000fc780000,0x00000000fed12d80,0x0000000100000000)
  to   space 57856K, 0% used [0x00000000f8f00000,0x00000000f8f00000,0x00000000fc780000)
 ParOldGen       total 122368K, used 71446K [0x00000000e0000000, 0x00000000e7780000, 0x00000000f5580000)
  object space 122368K, 58% used [0x00000000e0000000,0x00000000e45c5878,0x00000000e7780000)
 Metaspace       used 23787K, capacity 24478K, committed 24704K, reserved 1071104K
  class space    used 2688K, capacity 2843K, committed 2944K, reserved 1048576K
}
Event: 28.990 GC heap before
{Heap before GC invocations=19 (full 2):
 PSYoungGen      total 116736K, used 97355K [0x00000000f5580000, 0x0000000100000000, 0x0000000100000000)
  eden space 58880K, 100% used [0x00000000f5580000,0x00000000f8f00000,0x00000000f8f00000)
  from space 57856K, 66% used [0x00000000fc780000,0x00000000fed12d80,0x0000000100000000)
  to   space 57856K, 0% used [0x00000000f8f00000,0x00000000f8f00000,0x00000000fc780000)
 ParOldGen       total 122368K, used 71446K [0x00000000e0000000, 0x00000000e7780000, 0x00000000f5580000)
  object space 122368K, 58% used [0x00000000e0000000,0x00000000e45c5878,0x00000000e7780000)
 Metaspace       used 23812K, capacity 24542K, committed 24704K, reserved 1071104K
  class space    used 2688K, capacity 2843K, committed 2944K, reserved 1048576K
Event: 29.147 GC heap after
Heap after GC invocations=19 (full 2):
 PSYoungGen      total 116736K, used 8851K [0x00000000f5580000, 0x0000000100000000, 0x0000000100000000)
  eden space 58880K, 0% used [0x00000000f5580000,0x00000000f5580000,0x00000000f8f00000)
  from space 57856K, 15% used [0x00000000f8f00000,0x00000000f97a4cf0,0x00000000fc780000)
  to   space 57856K, 0% used [0x00000000fc780000,0x00000000fc780000,0x0000000100000000)
 ParOldGen       total 122368K, used 102306K [0x00000000e0000000, 0x00000000e7780000, 0x00000000f5580000)
  object space 122368K, 83% used [0x00000000e0000000,0x00000000e63e8820,0x00000000e7780000)
 Metaspace       used 23812K, capacity 24542K, committed 24704K, reserved 1071104K
  class space    used 2688K, capacity 2843K, committed 2944K, reserved 1048576K
}
Event: 29.147 GC heap before
{Heap before GC invocations=20 (full 3):
 PSYoungGen      total 116736K, used 8851K [0x00000000f5580000, 0x0000000100000000, 0x0000000100000000)
  eden space 58880K, 0% used [0x00000000f5580000,0x00000000f5580000,0x00000000f8f00000)
  from space 57856K, 15% used [0x00000000f8f00000,0x00000000f97a4cf0,0x00000000fc780000)
  to   space 57856K, 0% used [0x00000000fc780000,0x00000000fc780000,0x0000000100000000)
 ParOldGen       total 122368K, used 102306K [0x00000000e0000000, 0x00000000e7780000, 0x00000000f5580000)
  object space 122368K, 83% used [0x00000000e0000000,0x00000000e63e8820,0x00000000e7780000)
 Metaspace       used 23812K, capacity 24542K, committed 24704K, reserved 1071104K
  class space    used 2688K, capacity 2843K, committed 2944K, reserved 1048576K

