# JRE version: Java(TM) SE Runtime Environment (8.0_91-b14) (build 1.8.0_91-b14)
# Java VM: Java HotSpot(TM) 64-Bit Server VM (25.91-b14 mixed mode linux-amd64 compressed oops)
Heap:
 PSYoungGen      total 34304K, used 34272K [0x00000000f5580000, 0x00000000f7980000, 0x0000000100000000)
  eden space 31744K, 100% used [0x00000000f5580000,0x00000000f7480000,0x00000000f7480000)
  from space 2560K, 98% used [0x00000000f7700000,0x00000000f7978060,0x00000000f7980000)
  to   space 2560K, 98% used [0x00000000f7480000,0x00000000f76f8040,0x00000000f7700000)
 ParOldGen       total 42496K, used 32609K [0x00000000e0000000, 0x00000000e2980000, 0x00000000f5580000)
  object space 42496K, 76% used [0x00000000e0000000,0x00000000e1fd84c0,0x00000000e2980000)
 Metaspace       used 13375K, capacity 13638K, committed 13824K, reserved 1060864K
  class space    used 1646K, capacity 1723K, committed 1792K, reserved 1048576K
GC Heap History (9 events):
Event: 0.609 GC heap before
{Heap before GC invocations=1 (full 0):
 PSYoungGen      total 18432K, used 15872K [0x00000000f5580000, 0x00000000f6a00000, 0x0000000100000000)
  eden space 15872K, 100% used [0x00000000f5580000,0x00000000f6500000,0x00000000f6500000)
  from space 2560K, 0% used [0x00000000f6780000,0x00000000f6780000,0x00000000f6a00000)
  to   space 2560K, 0% used [0x00000000f6500000,0x00000000f6500000,0x00000000f6780000)
 ParOldGen       total 42496K, used 0K [0x00000000e0000000, 0x00000000e2980000, 0x00000000f5580000)
  object space 42496K, 0% used [0x00000000e0000000,0x00000000e0000000,0x00000000e2980000)
 Metaspace       used 6400K, capacity 6804K, committed 7040K, reserved 1056768K
  class space    used 817K, capacity 848K, committed 896K, reserved 1048576K
Event: 0.614 GC heap after
Heap after GC invocations=1 (full 0):
 PSYoungGen      total 18432K, used 2556K [0x00000000f5580000, 0x00000000f6a00000, 0x0000000100000000)
  eden space 15872K, 0% used [0x00000000f5580000,0x00000000f5580000,0x00000000f6500000)
  from space 2560K, 99% used [0x00000000f6500000,0x00000000f677f208,0x00000000f6780000)
  to   space 2560K, 0% used [0x00000000f6780000,0x00000000f6780000,0x00000000f6a00000)
 ParOldGen       total 42496K, used 743K [0x00000000e0000000, 0x00000000e2980000, 0x00000000f5580000)
  object space 42496K, 1% used [0x00000000e0000000,0x00000000e00b9ef8,0x00000000e2980000)
 Metaspace       used 6400K, capacity 6804K, committed 7040K, reserved 1056768K
  class space    used 817K, capacity 848K, committed 896K, reserved 1048576K
}
Event: 0.890 GC heap before
{Heap before GC invocations=2 (full 0):
 PSYoungGen      total 18432K, used 18428K [0x00000000f5580000, 0x00000000f6a00000, 0x0000000100000000)
  eden space 15872K, 100% used [0x00000000f5580000,0x00000000f6500000,0x00000000f6500000)
  from space 2560K, 99% used [0x00000000f6500000,0x00000000f677f208,0x00000000f6780000)
  to   space 2560K, 0% used [0x00000000f6780000,0x00000000f6780000,0x00000000f6a00000)
 ParOldGen       total 42496K, used 743K [0x00000000e0000000, 0x00000000e2980000, 0x00000000f5580000)
  object space 42496K, 1% used [0x00000000e0000000,0x00000000e00b9ef8,0x00000000e2980000)
 Metaspace       used 7088K, capacity 7380K, committed 7680K, reserved 1056768K
  class space    used 895K, capacity 912K, committed 1024K, reserved 1048576K
Event: 0.908 GC heap after
Heap after GC invocations=2 (full 0):
 PSYoungGen      total 18432K, used 2544K [0x00000000f5580000, 0x00000000f7980000, 0x0000000100000000)
  eden space 15872K, 0% used [0x00000000f5580000,0x00000000f5580000,0x00000000f6500000)
  from space 2560K, 99% used [0x00000000f6780000,0x00000000f69fc020,0x00000000f6a00000)
  to   space 2560K, 0% used [0x00000000f6500000,0x00000000f6500000,0x00000000f6780000)
 ParOldGen       total 42496K, used 7025K [0x00000000e0000000, 0x00000000e2980000, 0x00000000f5580000)
  object space 42496K, 16% used [0x00000000e0000000,0x00000000e06dc5a0,0x00000000e2980000)
 Metaspace       used 7088K, capacity 7380K, committed 7680K, reserved 1056768K
  class space    used 895K, capacity 912K, committed 1024K, reserved 1048576K
}
Event: 1.037 GC heap before
{Heap before GC invocations=3 (full 0):
 PSYoungGen      total 18432K, used 18416K [0x00000000f5580000, 0x00000000f7980000, 0x0000000100000000)
  eden space 15872K, 100% used [0x00000000f5580000,0x00000000f6500000,0x00000000f6500000)
  from space 2560K, 99% used [0x00000000f6780000,0x00000000f69fc020,0x00000000f6a00000)
  to   space 2560K, 0% used [0x00000000f6500000,0x00000000f6500000,0x00000000f6780000)
 ParOldGen       total 42496K, used 7025K [0x00000000e0000000, 0x00000000e2980000, 0x00000000f5580000)
  object space 42496K, 16% used [0x00000000e0000000,0x00000000e06dc5a0,0x00000000e2980000)
 Metaspace       used 7105K, capacity 7380K, committed 7680K, reserved 1056768K
  class space    used 898K, capacity 912K, committed 1024K, reserved 1048576K
Event: 1.060 GC heap after
Heap after GC invocations=3 (full 0):
 PSYoungGen      total 18432K, used 2544K [0x00000000f5580000, 0x00000000f7980000, 0x0000000100000000)
  eden space 15872K, 0% used [0x00000000f5580000,0x00000000f5580000,0x00000000f6500000)
  from space 2560K, 99% used [0x00000000f6500000,0x00000000f677c070,0x00000000f6780000)
  to   space 2560K, 0% used [0x00000000f7700000,0x00000000f7700000,0x00000000f7980000)
 ParOldGen       total 42496K, used 16577K [0x00000000e0000000, 0x00000000e2980000, 0x00000000f5580000)
  object space 42496K, 39% used [0x00000000e0000000,0x00000000e10305c0,0x00000000e2980000)
 Metaspace       used 7105K, capacity 7380K, committed 7680K, reserved 1056768K
  class space    used 898K, capacity 912K, committed 1024K, reserved 1048576K
}
Event: 1.159 GC heap before
{Heap before GC invocations=4 (full 0):
 PSYoungGen      total 18432K, used 18416K [0x00000000f5580000, 0x00000000f7980000, 0x0000000100000000)
  eden space 15872K, 100% used [0x00000000f5580000,0x00000000f6500000,0x00000000f6500000)
  from space 2560K, 99% used [0x00000000f6500000,0x00000000f677c070,0x00000000f6780000)
  to   space 2560K, 0% used [0x00000000f7700000,0x00000000f7700000,0x00000000f7980000)
 ParOldGen       total 42496K, used 16577K [0x00000000e0000000, 0x00000000e2980000, 0x00000000f5580000)
  object space 42496K, 39% used [0x00000000e0000000,0x00000000e10305c0,0x00000000e2980000)
 Metaspace       used 7106K, capacity 7380K, committed 7680K, reserved 1056768K
  class space    used 898K, capacity 912K, committed 1024K, reserved 1048576K
Event: 1.188 GC heap after
Heap after GC invocations=4 (full 0):
 PSYoungGen      total 34304K, used 2528K [0x00000000f5580000, 0x00000000f7980000, 0x0000000100000000)
  eden space 31744K, 0% used [0x00000000f5580000,0x00000000f5580000,0x00000000f7480000)
  from space 2560K, 98% used [0x00000000f7700000,0x00000000f7978060,0x00000000f7980000)
  to   space 2560K, 0% used [0x00000000f7480000,0x00000000f7480000,0x00000000f7700000)
 ParOldGen       total 42496K, used 26029K [0x00000000e0000000, 0x00000000e2980000, 0x00000000f5580000)
  object space 42496K, 61% used [0x00000000e0000000,0x00000000e196b630,0x00000000e2980000)
 Metaspace       used 7106K, capacity 7380K, committed 7680K, reserved 1056768K
  class space    used 898K, capacity 912K, committed 1024K, reserved 1048576K
}
Event: 2.124 GC heap before
{Heap before GC invocations=5 (full 0):
 PSYoungGen      total 34304K, used 34272K [0x00000000f5580000, 0x00000000f7980000, 0x0000000100000000)
  eden space 31744K, 100% used [0x00000000f5580000,0x00000000f7480000,0x00000000f7480000)
  from space 2560K, 98% used [0x00000000f7700000,0x00000000f7978060,0x00000000f7980000)
  to   space 2560K, 0% used [0x00000000f7480000,0x00000000f7480000,0x00000000f7700000)
 ParOldGen       total 42496K, used 26029K [0x00000000e0000000, 0x00000000e2980000, 0x00000000f5580000)
  object space 42496K, 61% used [0x00000000e0000000,0x00000000e196b630,0x00000000e2980000)
 Metaspace       used 13375K, capacity 13638K, committed 13824K, reserved 1060864K
  class space    used 1646K, capacity 1723K, committed 1792K, reserved 1048576K

