# JRE version: Java(TM) SE Runtime Environment (8.0_91-b14) (build 1.8.0_91-b14)
# Java VM: Java HotSpot(TM) 64-Bit Server VM (25.91-b14 mixed mode linux-amd64 compressed oops)
Heap:
 PSYoungGen      total 116736K, used 37510K [0x00000000f5580000, 0x0000000100000000, 0x0000000100000000)
  eden space 58880K, 0% used [0x00000000f5580000,0x00000000f5580000,0x00000000f8f00000)
  from space 57856K, 64% used [0x00000000fc780000,0x00000000fec21b10,0x0000000100000000)
  to   space 57856K, 0% used [0x00000000f8f00000,0x00000000f8f00000,0x00000000fc780000)
 ParOldGen       total 153600K, used 135086K [0x00000000e0000000, 0x00000000e9600000, 0x00000000f5580000)
  object space 153600K, 87% used [0x00000000e0000000,0x00000000e83ebae8,0x00000000e9600000)
 Metaspace       used 36315K, capacity 37154K, committed 37376K, reserved 1081344K
  class space    used 4305K, capacity 4500K, committed 4608K, reserved 1048576K
GC Heap History (10 events):
Event: 40.535 GC heap after
Heap after GC invocations=27 (full 3):
 PSYoungGen      total 118272K, used 23583K [0x00000000f5580000, 0x0000000100000000, 0x0000000100000000)
  eden space 61952K, 0% used [0x00000000f5580000,0x00000000f5580000,0x00000000f9200000)
  from space 56320K, 41% used [0x00000000fc600000,0x00000000fdd07e58,0x00000000ffd00000)
  to   space 53248K, 0% used [0x00000000f9200000,0x00000000f9200000,0x00000000fc600000)
 ParOldGen       total 153600K, used 94132K [0x00000000e0000000, 0x00000000e9600000, 0x00000000f5580000)
  object space 153600K, 61% used [0x00000000e0000000,0x00000000e5bed190,0x00000000e9600000)
 Metaspace       used 35560K, capacity 36310K, committed 36480K, reserved 1081344K
  class space    used 4248K, capacity 4434K, committed 4480K, reserved 1048576K
}
Event: 41.018 GC heap before
{Heap before GC invocations=28 (full 3):
 PSYoungGen      total 118272K, used 85535K [0x00000000f5580000, 0x0000000100000000, 0x0000000100000000)
  eden space 61952K, 100% used [0x00000000f5580000,0x00000000f9200000,0x00000000f9200000)
  from space 56320K, 41% used [0x00000000fc600000,0x00000000fdd07e58,0x00000000ffd00000)
  to   space 53248K, 0% used [0x00000000f9200000,0x00000000f9200000,0x00000000fc600000)
 ParOldGen       total 153600K, used 94132K [0x00000000e0000000, 0x00000000e9600000, 0x00000000f5580000)
  object space 153600K, 61% used [0x00000000e0000000,0x00000000e5bed190,0x00000000e9600000)
 Metaspace       used 35922K, capacity 36726K, committed 36992K, reserved 1081344K
  class space    used 4272K, capacity 4466K, committed 4480K, reserved 1048576K
Event: 41.102 GC heap after
Heap after GC invocations=28 (full 3):
 PSYoungGen      total 115200K, used 36629K [0x00000000f5580000, 0x0000000100000000, 0x0000000100000000)
  eden space 61952K, 0% used [0x00000000f5580000,0x00000000f5580000,0x00000000f9200000)
  from space 53248K, 68% used [0x00000000f9200000,0x00000000fb5c5420,0x00000000fc600000)
  to   space 55808K, 0% used [0x00000000fc980000,0x00000000fc980000,0x0000000100000000)
 ParOldGen       total 153600K, used 94140K [0x00000000e0000000, 0x00000000e9600000, 0x00000000f5580000)
  object space 153600K, 61% used [0x00000000e0000000,0x00000000e5bef190,0x00000000e9600000)
 Metaspace       used 35922K, capacity 36726K, committed 36992K, reserved 1081344K
  class space    used 4272K, capacity 4466K, committed 4480K, reserved 1048576K
}
Event: 41.877 GC heap before
{Heap before GC invocations=29 (full 3):
 PSYoungGen      total 115200K, used 98348K [0x00000000f5580000, 0x0000000100000000, 0x0000000100000000)
  eden space 61952K, 99% used [0x00000000f5580000,0x00000000f91c5de0,0x00000000f9200000)
  from space 53248K, 68% used [0x00000000f9200000,0x00000000fb5c5420,0x00000000fc600000)
  to   space 55808K, 0% used [0x00000000fc980000,0x00000000fc980000,0x0000000100000000)
 ParOldGen       total 153600K, used 94140K [0x00000000e0000000, 0x00000000e9600000, 0x00000000f5580000)
  object space 153600K, 61% used [0x00000000e0000000,0x00000000e5bef190,0x00000000e9600000)
 Metaspace       used 36133K, capacity 36854K, committed 36992K, reserved 1081344K
  class space    used 4288K, capacity 4466K, committed 4480K, reserved 1048576K
Event: 42.014 GC heap after
Heap after GC invocations=29 (full 3):
 PSYoungGen      total 114688K, used 42361K [0x00000000f5580000, 0x0000000100000000, 0x0000000100000000)
  eden space 58880K, 0% used [0x00000000f5580000,0x00000000f5580000,0x00000000f8f00000)
  from space 55808K, 75% used [0x00000000fc980000,0x00000000ff2de700,0x0000000100000000)
  to   space 57856K, 0% used [0x00000000f8f00000,0x00000000f8f00000,0x00000000fc780000)
 ParOldGen       total 153600K, used 100646K [0x00000000e0000000, 0x00000000e9600000, 0x00000000f5580000)
  object space 153600K, 65% used [0x00000000e0000000,0x00000000e6249960,0x00000000e9600000)
 Metaspace       used 36133K, capacity 36854K, committed 36992K, reserved 1081344K
  class space    used 4288K, capacity 4466K, committed 4480K, reserved 1048576K
}
Event: 42.522 GC heap before
{Heap before GC invocations=30 (full 3):
 PSYoungGen      total 114688K, used 101241K [0x00000000f5580000, 0x0000000100000000, 0x0000000100000000)
  eden space 58880K, 100% used [0x00000000f5580000,0x00000000f8f00000,0x00000000f8f00000)
  from space 55808K, 75% used [0x00000000fc980000,0x00000000ff2de700,0x0000000100000000)
  to   space 57856K, 0% used [0x00000000f8f00000,0x00000000f8f00000,0x00000000fc780000)
 ParOldGen       total 153600K, used 100646K [0x00000000e0000000, 0x00000000e9600000, 0x00000000f5580000)
  object space 153600K, 65% used [0x00000000e0000000,0x00000000e6249960,0x00000000e9600000)
 Metaspace       used 36193K, capacity 36918K, committed 36992K, reserved 1081344K
  class space    used 4293K, capacity 4466K, committed 4480K, reserved 1048576K
Event: 42.654 GC heap after
Heap after GC invocations=30 (full 3):
 PSYoungGen      total 116736K, used 57851K [0x00000000f5580000, 0x0000000100000000, 0x0000000100000000)
  eden space 58880K, 0% used [0x00000000f5580000,0x00000000f5580000,0x00000000f8f00000)
  from space 57856K, 99% used [0x00000000f8f00000,0x00000000fc77eea0,0x00000000fc780000)
  to   space 57856K, 0% used [0x00000000fc780000,0x00000000fc780000,0x0000000100000000)
 ParOldGen       total 153600K, used 113167K [0x00000000e0000000, 0x00000000e9600000, 0x00000000f5580000)
  object space 153600K, 73% used [0x00000000e0000000,0x00000000e6e83e18,0x00000000e9600000)
 Metaspace       used 36193K, capacity 36918K, committed 36992K, reserved 1081344K
  class space    used 4293K, capacity 4466K, committed 4480K, reserved 1048576K
}
Event: 43.409 GC heap before
{Heap before GC invocations=31 (full 3):
 PSYoungGen      total 116736K, used 116731K [0x00000000f5580000, 0x0000000100000000, 0x0000000100000000)
  eden space 58880K, 100% used [0x00000000f5580000,0x00000000f8f00000,0x00000000f8f00000)
  from space 57856K, 99% used [0x00000000f8f00000,0x00000000fc77eea0,0x00000000fc780000)
  to   space 57856K, 0% used [0x00000000fc780000,0x00000000fc780000,0x0000000100000000)
 ParOldGen       total 153600K, used 113167K [0x00000000e0000000, 0x00000000e9600000, 0x00000000f5580000)
  object space 153600K, 73% used [0x00000000e0000000,0x00000000e6e83e18,0x00000000e9600000)
 Metaspace       used 36315K, capacity 37154K, committed 37376K, reserved 1081344K
  class space    used 4305K, capacity 4500K, committed 4608K, reserved 1048576K
Event: 43.510 GC heap after
Heap after GC invocations=31 (full 3):
 PSYoungGen      total 116736K, used 37510K [0x00000000f5580000, 0x0000000100000000, 0x0000000100000000)
  eden space 58880K, 0% used [0x00000000f5580000,0x00000000f5580000,0x00000000f8f00000)
  from space 57856K, 64% used [0x00000000fc780000,0x00000000fec21b10,0x0000000100000000)
  to   space 57856K, 0% used [0x00000000f8f00000,0x00000000f8f00000,0x00000000fc780000)
 ParOldGen       total 153600K, used 135086K [0x00000000e0000000, 0x00000000e9600000, 0x00000000f5580000)
  object space 153600K, 87% used [0x00000000e0000000,0x00000000e83ebae8,0x00000000e9600000)
 Metaspace       used 36315K, capacity 37154K, committed 37376K, reserved 1081344K
  class space    used 4305K, capacity 4500K, committed 4608K, reserved 1048576K
}
Event: 43.510 GC heap before
{Heap before GC invocations=32 (full 4):
 PSYoungGen      total 116736K, used 37510K [0x00000000f5580000, 0x0000000100000000, 0x0000000100000000)
  eden space 58880K, 0% used [0x00000000f5580000,0x00000000f5580000,0x00000000f8f00000)
  from space 57856K, 64% used [0x00000000fc780000,0x00000000fec21b10,0x0000000100000000)
  to   space 57856K, 0% used [0x00000000f8f00000,0x00000000f8f00000,0x00000000fc780000)
 ParOldGen       total 153600K, used 135086K [0x00000000e0000000, 0x00000000e9600000, 0x00000000f5580000)
  object space 153600K, 87% used [0x00000000e0000000,0x00000000e83ebae8,0x00000000e9600000)
 Metaspace       used 36315K, capacity 37154K, committed 37376K, reserved 1081344K
  class space    used 4305K, capacity 4500K, committed 4608K, reserved 1048576K

