# JRE version: Java(TM) SE Runtime Environment (8.0_91-b14) (build 1.8.0_91-b14)
# Java VM: Java HotSpot(TM) 64-Bit Server VM (25.91-b14 mixed mode linux-amd64 compressed oops)
Heap:
 PSYoungGen      total 77824K, used 77816K [0x00000000f5580000, 0x00000000ff680000, 0x0000000100000000)
  eden space 59904K, 100% used [0x00000000f5580000,0x00000000f9000000,0x00000000f9000000)
  from space 17920K, 99% used [0x00000000f9000000,0x00000000fa17e090,0x00000000fa180000)
  to   space 25600K, 99% used [0x00000000fdd80000,0x00000000ff67c100,0x00000000ff680000)
 ParOldGen       total 40960K, used 25532K [0x00000000e0000000, 0x00000000e2800000, 0x00000000f5580000)
  object space 40960K, 62% used [0x00000000e0000000,0x00000000e18ef240,0x00000000e2800000)
 Metaspace       used 14886K, capacity 15274K, committed 15616K, reserved 1062912K
  class space    used 1802K, capacity 1921K, committed 2048K, reserved 1048576K
GC Heap History (10 events):
Event: 5.442 GC heap after
Heap after GC invocations=4 (full 0):
 PSYoungGen      total 34304K, used 2528K [0x00000000f5580000, 0x00000000f7980000, 0x0000000100000000)
  eden space 31744K, 0% used [0x00000000f5580000,0x00000000f5580000,0x00000000f7480000)
  from space 2560K, 98% used [0x00000000f7700000,0x00000000f7978020,0x00000000f7980000)
  to   space 2560K, 0% used [0x00000000f7480000,0x00000000f7480000,0x00000000f7700000)
 ParOldGen       total 42496K, used 25156K [0x00000000e0000000, 0x00000000e2980000, 0x00000000f5580000)
  object space 42496K, 59% used [0x00000000e0000000,0x00000000e18910f8,0x00000000e2980000)
 Metaspace       used 7125K, capacity 7380K, committed 7680K, reserved 1056768K
  class space    used 897K, capacity 912K, committed 1024K, reserved 1048576K
}
Event: 6.547 GC heap before
{Heap before GC invocations=5 (full 0):
 PSYoungGen      total 34304K, used 34272K [0x00000000f5580000, 0x00000000f7980000, 0x0000000100000000)
  eden space 31744K, 100% used [0x00000000f5580000,0x00000000f7480000,0x00000000f7480000)
  from space 2560K, 98% used [0x00000000f7700000,0x00000000f7978020,0x00000000f7980000)
  to   space 2560K, 0% used [0x00000000f7480000,0x00000000f7480000,0x00000000f7700000)
 ParOldGen       total 42496K, used 25156K [0x00000000e0000000, 0x00000000e2980000, 0x00000000f5580000)
  object space 42496K, 59% used [0x00000000e0000000,0x00000000e18910f8,0x00000000e2980000)
 Metaspace       used 12138K, capacity 12316K, committed 12416K, reserved 1060864K
  class space    used 1530K, capacity 1604K, committed 1664K, reserved 1048576K
Event: 6.572 GC heap after
Heap after GC invocations=5 (full 0):
 PSYoungGen      total 34304K, used 2528K [0x00000000f5580000, 0x00000000fb580000, 0x0000000100000000)
  eden space 31744K, 0% used [0x00000000f5580000,0x00000000f5580000,0x00000000f7480000)
  from space 2560K, 98% used [0x00000000f7480000,0x00000000f76f8020,0x00000000f7700000)
  to   space 17408K, 0% used [0x00000000fa480000,0x00000000fa480000,0x00000000fb580000)
 ParOldGen       total 42496K, used 35895K [0x00000000e0000000, 0x00000000e2980000, 0x00000000f5580000)
  object space 42496K, 84% used [0x00000000e0000000,0x00000000e230de88,0x00000000e2980000)
 Metaspace       used 12138K, capacity 12316K, committed 12416K, reserved 1060864K
  class space    used 1530K, capacity 1604K, committed 1664K, reserved 1048576K
}
Event: 6.572 GC heap before
{Heap before GC invocations=6 (full 1):
 PSYoungGen      total 34304K, used 2528K [0x00000000f5580000, 0x00000000fb580000, 0x0000000100000000)
  eden space 31744K, 0% used [0x00000000f5580000,0x00000000f5580000,0x00000000f7480000)
  from space 2560K, 98% used [0x00000000f7480000,0x00000000f76f8020,0x00000000f7700000)
  to   space 17408K, 0% used [0x00000000fa480000,0x00000000fa480000,0x00000000fb580000)
 ParOldGen       total 42496K, used 35895K [0x00000000e0000000, 0x00000000e2980000, 0x00000000f5580000)
  object space 42496K, 84% used [0x00000000e0000000,0x00000000e230de88,0x00000000e2980000)
 Metaspace       used 12138K, capacity 12316K, committed 12416K, reserved 1060864K
  class space    used 1530K, capacity 1604K, committed 1664K, reserved 1048576K
Event: 6.622 GC heap after
Heap after GC invocations=6 (full 1):
 PSYoungGen      total 34304K, used 0K [0x00000000f5580000, 0x00000000fb580000, 0x0000000100000000)
  eden space 31744K, 0% used [0x00000000f5580000,0x00000000f5580000,0x00000000f7480000)
  from space 2560K, 0% used [0x00000000f7480000,0x00000000f7480000,0x00000000f7700000)
  to   space 17408K, 0% used [0x00000000fa480000,0x00000000fa480000,0x00000000fb580000)
 ParOldGen       total 40960K, used 7833K [0x00000000e0000000, 0x00000000e2800000, 0x00000000f5580000)
  object space 40960K, 19% used [0x00000000e0000000,0x00000000e07a6650,0x00000000e2800000)
 Metaspace       used 12138K, capacity 12316K, committed 12416K, reserved 1060864K
  class space    used 1530K, capacity 1604K, committed 1664K, reserved 1048576K
}
Event: 7.295 GC heap before
{Heap before GC invocations=7 (full 1):
 PSYoungGen      total 34304K, used 31744K [0x00000000f5580000, 0x00000000fb580000, 0x0000000100000000)
  eden space 31744K, 100% used [0x00000000f5580000,0x00000000f7480000,0x00000000f7480000)
  from space 2560K, 0% used [0x00000000f7480000,0x00000000f7480000,0x00000000f7700000)
  to   space 17408K, 0% used [0x00000000fa480000,0x00000000fa480000,0x00000000fb580000)
 ParOldGen       total 40960K, used 7833K [0x00000000e0000000, 0x00000000e2800000, 0x00000000f5580000)
  object space 40960K, 19% used [0x00000000e0000000,0x00000000e07a6650,0x00000000e2800000)
 Metaspace       used 14091K, capacity 14474K, committed 14720K, reserved 1062912K
  class space    used 1723K, capacity 1841K, committed 1920K, reserved 1048576K
Event: 7.314 GC heap after
Heap after GC invocations=7 (full 1):
 PSYoungGen      total 74752K, used 4513K [0x00000000f5580000, 0x00000000fb300000, 0x0000000100000000)
  eden space 59904K, 0% used [0x00000000f5580000,0x00000000f5580000,0x00000000f9000000)
  from space 14848K, 30% used [0x00000000fa480000,0x00000000fa8e86e8,0x00000000fb300000)
  to   space 17920K, 0% used [0x00000000f9000000,0x00000000f9000000,0x00000000fa180000)
 ParOldGen       total 40960K, used 7841K [0x00000000e0000000, 0x00000000e2800000, 0x00000000f5580000)
  object space 40960K, 19% used [0x00000000e0000000,0x00000000e07a8650,0x00000000e2800000)
 Metaspace       used 14091K, capacity 14474K, committed 14720K, reserved 1062912K
  class space    used 1723K, capacity 1841K, committed 1920K, reserved 1048576K
}
Event: 7.902 GC heap before
{Heap before GC invocations=8 (full 1):
 PSYoungGen      total 74752K, used 64417K [0x00000000f5580000, 0x00000000fb300000, 0x0000000100000000)
  eden space 59904K, 100% used [0x00000000f5580000,0x00000000f9000000,0x00000000f9000000)
  from space 14848K, 30% used [0x00000000fa480000,0x00000000fa8e86e8,0x00000000fb300000)
  to   space 17920K, 0% used [0x00000000f9000000,0x00000000f9000000,0x00000000fa180000)
 ParOldGen       total 40960K, used 7841K [0x00000000e0000000, 0x00000000e2800000, 0x00000000f5580000)
  object space 40960K, 19% used [0x00000000e0000000,0x00000000e07a8650,0x00000000e2800000)
 Metaspace       used 14460K, capacity 14886K, committed 14976K, reserved 1062912K
  class space    used 1757K, capacity 1883K, committed 1920K, reserved 1048576K
Event: 7.953 GC heap after
Heap after GC invocations=8 (full 1):
 PSYoungGen      total 77824K, used 17912K [0x00000000f5580000, 0x00000000ff680000, 0x0000000100000000)
  eden space 59904K, 0% used [0x00000000f5580000,0x00000000f5580000,0x00000000f9000000)
  from space 17920K, 99% used [0x00000000f9000000,0x00000000fa17e090,0x00000000fa180000)
  to   space 25600K, 0% used [0x00000000fdd80000,0x00000000fdd80000,0x00000000ff680000)
 ParOldGen       total 40960K, used 17023K [0x00000000e0000000, 0x00000000e2800000, 0x00000000f5580000)
  object space 40960K, 41% used [0x00000000e0000000,0x00000000e109fe68,0x00000000e2800000)
 Metaspace       used 14460K, capacity 14886K, committed 14976K, reserved 1062912K
  class space    used 1757K, capacity 1883K, committed 1920K, reserved 1048576K
}
Event: 8.519 GC heap before
{Heap before GC invocations=9 (full 1):
 PSYoungGen      total 77824K, used 77816K [0x00000000f5580000, 0x00000000ff680000, 0x0000000100000000)
  eden space 59904K, 100% used [0x00000000f5580000,0x00000000f9000000,0x00000000f9000000)
  from space 17920K, 99% used [0x00000000f9000000,0x00000000fa17e090,0x00000000fa180000)
  to   space 25600K, 0% used [0x00000000fdd80000,0x00000000fdd80000,0x00000000ff680000)
 ParOldGen       total 40960K, used 17023K [0x00000000e0000000, 0x00000000e2800000, 0x00000000f5580000)
  object space 40960K, 41% used [0x00000000e0000000,0x00000000e109fe68,0x00000000e2800000)
 Metaspace       used 14886K, capacity 15274K, committed 15616K, reserved 1062912K
  class space    used 1802K, capacity 1921K, committed 2048K, reserved 1048576K

