# JRE version: Java(TM) SE Runtime Environment (8.0_91-b14) (build 1.8.0_91-b14)
# Java VM: Java HotSpot(TM) 64-Bit Server VM (25.91-b14 mixed mode linux-amd64 compressed oops)
Heap:
 PSYoungGen      total 118272K, used 106176K [0x00000000f5580000, 0x0000000100000000, 0x0000000100000000)
  eden space 84992K, 100% used [0x00000000f5580000,0x00000000fa880000,0x00000000fa880000)
  from space 33280K, 63% used [0x00000000fa880000,0x00000000fbd30278,0x00000000fc900000)
  to   space 45056K, 70% used [0x00000000fd400000,0x00000000ff2cedf0,0x0000000100000000)
 ParOldGen       total 90624K, used 54322K [0x00000000e0000000, 0x00000000e5880000, 0x00000000f5580000)
  object space 90624K, 59% used [0x00000000e0000000,0x00000000e350cb00,0x00000000e5880000)
 Metaspace       used 20706K, capacity 21148K, committed 21376K, reserved 1069056K
  class space    used 2533K, capacity 2641K, committed 2688K, reserved 1048576K
GC Heap History (10 events):
Event: 2.043 GC heap after
Heap after GC invocations=7 (full 1):
 PSYoungGen      total 62464K, used 3084K [0x00000000f5580000, 0x00000000fad00000, 0x0000000100000000)
  eden space 53760K, 0% used [0x00000000f5580000,0x00000000f5580000,0x00000000f8a00000)
  from space 8704K, 35% used [0x00000000fa480000,0x00000000fa783180,0x00000000fad00000)
  to   space 17920K, 0% used [0x00000000f8a00000,0x00000000f8a00000,0x00000000f9b80000)
 ParOldGen       total 43008K, used 7592K [0x00000000e0000000, 0x00000000e2a00000, 0x00000000f5580000)
  object space 43008K, 17% used [0x00000000e0000000,0x00000000e076a110,0x00000000e2a00000)
 Metaspace       used 14079K, capacity 14474K, committed 14720K, reserved 1062912K
  class space    used 1723K, capacity 1841K, committed 1920K, reserved 1048576K
}
Event: 2.418 GC heap before
{Heap before GC invocations=8 (full 1):
 PSYoungGen      total 62464K, used 56844K [0x00000000f5580000, 0x00000000fad00000, 0x0000000100000000)
  eden space 53760K, 100% used [0x00000000f5580000,0x00000000f8a00000,0x00000000f8a00000)
  from space 8704K, 35% used [0x00000000fa480000,0x00000000fa783180,0x00000000fad00000)
  to   space 17920K, 0% used [0x00000000f8a00000,0x00000000f8a00000,0x00000000f9b80000)
 ParOldGen       total 43008K, used 7592K [0x00000000e0000000, 0x00000000e2a00000, 0x00000000f5580000)
  object space 43008K, 17% used [0x00000000e0000000,0x00000000e076a110,0x00000000e2a00000)
 Metaspace       used 14372K, capacity 14778K, committed 14976K, reserved 1062912K
  class space    used 1754K, capacity 1849K, committed 1920K, reserved 1048576K
Event: 2.479 GC heap after
Heap after GC invocations=8 (full 1):
 PSYoungGen      total 71680K, used 17900K [0x00000000f5580000, 0x00000000fe180000, 0x0000000100000000)
  eden space 53760K, 0% used [0x00000000f5580000,0x00000000f5580000,0x00000000f8a00000)
  from space 17920K, 99% used [0x00000000f8a00000,0x00000000f9b7b090,0x00000000f9b80000)
  to   space 25088K, 0% used [0x00000000fc900000,0x00000000fc900000,0x00000000fe180000)
 ParOldGen       total 43008K, used 15568K [0x00000000e0000000, 0x00000000e2a00000, 0x00000000f5580000)
  object space 43008K, 36% used [0x00000000e0000000,0x00000000e0f341e0,0x00000000e2a00000)
 Metaspace       used 14372K, capacity 14778K, committed 14976K, reserved 1062912K
  class space    used 1754K, capacity 1849K, committed 1920K, reserved 1048576K
}
Event: 2.842 GC heap before
{Heap before GC invocations=9 (full 1):
 PSYoungGen      total 71680K, used 71660K [0x00000000f5580000, 0x00000000fe180000, 0x0000000100000000)
  eden space 53760K, 100% used [0x00000000f5580000,0x00000000f8a00000,0x00000000f8a00000)
  from space 17920K, 99% used [0x00000000f8a00000,0x00000000f9b7b090,0x00000000f9b80000)
  to   space 25088K, 0% used [0x00000000fc900000,0x00000000fc900000,0x00000000fe180000)
 ParOldGen       total 43008K, used 15568K [0x00000000e0000000, 0x00000000e2a00000, 0x00000000f5580000)
  object space 43008K, 36% used [0x00000000e0000000,0x00000000e0f341e0,0x00000000e2a00000)
 Metaspace       used 14675K, capacity 15140K, committed 15232K, reserved 1062912K
  class space    used 1787K, capacity 1920K, committed 1920K, reserved 1048576K
Event: 2.901 GC heap after
Heap after GC invocations=9 (full 1):
 PSYoungGen      total 110080K, used 25064K [0x00000000f5580000, 0x00000000ff300000, 0x0000000100000000)
  eden space 84992K, 0% used [0x00000000f5580000,0x00000000f5580000,0x00000000fa880000)
  from space 25088K, 99% used [0x00000000fc900000,0x00000000fe17a0c0,0x00000000fe180000)
  to   space 33280K, 0% used [0x00000000fa880000,0x00000000fa880000,0x00000000fc900000)
 ParOldGen       total 43008K, used 24039K [0x00000000e0000000, 0x00000000e2a00000, 0x00000000f5580000)
  object space 43008K, 55% used [0x00000000e0000000,0x00000000e1779dc8,0x00000000e2a00000)
 Metaspace       used 14675K, capacity 15140K, committed 15232K, reserved 1062912K
  class space    used 1787K, capacity 1920K, committed 1920K, reserved 1048576K
}
Event: 3.999 GC heap before
{Heap before GC invocations=10 (full 1):
 PSYoungGen      total 110080K, used 110056K [0x00000000f5580000, 0x00000000ff300000, 0x0000000100000000)
  eden space 84992K, 100% used [0x00000000f5580000,0x00000000fa880000,0x00000000fa880000)
  from space 25088K, 99% used [0x00000000fc900000,0x00000000fe17a0c0,0x00000000fe180000)
  to   space 33280K, 0% used [0x00000000fa880000,0x00000000fa880000,0x00000000fc900000)
 ParOldGen       total 43008K, used 24040K [0x00000000e0000000, 0x00000000e2a00000, 0x00000000f5580000)
  object space 43008K, 55% used [0x00000000e0000000,0x00000000e177a358,0x00000000e2a00000)
 Metaspace       used 18592K, capacity 18986K, committed 19072K, reserved 1067008K
  class space    used 2256K, capacity 2346K, committed 2432K, reserved 1048576K
Event: 4.079 GC heap after
Heap after GC invocations=10 (full 1):
 PSYoungGen      total 118272K, used 33272K [0x00000000f5580000, 0x0000000100000000, 0x0000000100000000)
  eden space 84992K, 0% used [0x00000000f5580000,0x00000000f5580000,0x00000000fa880000)
  from space 33280K, 99% used [0x00000000fa880000,0x00000000fc8fe050,0x00000000fc900000)
  to   space 45056K, 0% used [0x00000000fd400000,0x00000000fd400000,0x0000000100000000)
 ParOldGen       total 43008K, used 38365K [0x00000000e0000000, 0x00000000e2a00000, 0x00000000f5580000)
  object space 43008K, 89% used [0x00000000e0000000,0x00000000e2577560,0x00000000e2a00000)
 Metaspace       used 18592K, capacity 18986K, committed 19072K, reserved 1067008K
  class space    used 2256K, capacity 2346K, committed 2432K, reserved 1048576K
}
Event: 4.079 GC heap before
{Heap before GC invocations=11 (full 2):
 PSYoungGen      total 118272K, used 33272K [0x00000000f5580000, 0x0000000100000000, 0x0000000100000000)
  eden space 84992K, 0% used [0x00000000f5580000,0x00000000f5580000,0x00000000fa880000)
  from space 33280K, 99% used [0x00000000fa880000,0x00000000fc8fe050,0x00000000fc900000)
  to   space 45056K, 0% used [0x00000000fd400000,0x00000000fd400000,0x0000000100000000)
 ParOldGen       total 43008K, used 38365K [0x00000000e0000000, 0x00000000e2a00000, 0x00000000f5580000)
  object space 43008K, 89% used [0x00000000e0000000,0x00000000e2577560,0x00000000e2a00000)
 Metaspace       used 18592K, capacity 18986K, committed 19072K, reserved 1067008K
  class space    used 2256K, capacity 2346K, committed 2432K, reserved 1048576K
Event: 4.479 GC heap after
Heap after GC invocations=11 (full 2):
 PSYoungGen      total 118272K, used 21184K [0x00000000f5580000, 0x0000000100000000, 0x0000000100000000)
  eden space 84992K, 0% used [0x00000000f5580000,0x00000000f5580000,0x00000000fa880000)
  from space 33280K, 63% used [0x00000000fa880000,0x00000000fbd30278,0x00000000fc900000)
  to   space 45056K, 0% used [0x00000000fd400000,0x00000000fd400000,0x0000000100000000)
 ParOldGen       total 90624K, used 42610K [0x00000000e0000000, 0x00000000e5880000, 0x00000000f5580000)
  object space 90624K, 47% used [0x00000000e0000000,0x00000000e299c9c8,0x00000000e5880000)
 Metaspace       used 18586K, capacity 18974K, committed 19072K, reserved 1067008K
  class space    used 2255K, capacity 2344K, committed 2432K, reserved 1048576K
}
Event: 5.158 GC heap before
{Heap before GC invocations=12 (full 2):
 PSYoungGen      total 118272K, used 106176K [0x00000000f5580000, 0x0000000100000000, 0x0000000100000000)
  eden space 84992K, 100% used [0x00000000f5580000,0x00000000fa880000,0x00000000fa880000)
  from space 33280K, 63% used [0x00000000fa880000,0x00000000fbd30278,0x00000000fc900000)
  to   space 45056K, 0% used [0x00000000fd400000,0x00000000fd400000,0x0000000100000000)
 ParOldGen       total 90624K, used 42610K [0x00000000e0000000, 0x00000000e5880000, 0x00000000f5580000)
  object space 90624K, 47% used [0x00000000e0000000,0x00000000e299ca80,0x00000000e5880000)
 Metaspace       used 20706K, capacity 21148K, committed 21376K, reserved 1069056K
  class space    used 2533K, capacity 2641K, committed 2688K, reserved 1048576K

