# JRE version: Java(TM) SE Runtime Environment (8.0_91-b14) (build 1.8.0_91-b14)
# Java VM: Java HotSpot(TM) 64-Bit Server VM (25.91-b14 mixed mode linux-amd64 compressed oops)
Heap:
 PSYoungGen      total 112128K, used 64000K [0x00000000f5580000, 0x00000000ff900000, 0x0000000100000000)
  eden space 64000K, 100% used [0x00000000f5580000,0x00000000f9400000,0x00000000f9400000)
  from space 48128K, 0% used [0x00000000fca00000,0x00000000fca00000,0x00000000ff900000)
  to   space 51712K, 10% used [0x00000000f9400000,0x00000000f992c020,0x00000000fc680000)
 ParOldGen       total 130048K, used 76057K [0x00000000e0000000, 0x00000000e7f00000, 0x00000000f5580000)
  object space 130048K, 58% used [0x00000000e0000000,0x00000000e4a467c8,0x00000000e7f00000)
 Metaspace       used 31323K, capacity 32110K, committed 32300K, reserved 1077248K
  class space    used 3756K, capacity 3952K, committed 3968K, reserved 1048576K
GC Heap History (10 events):
Event: 23.805 GC heap after
Heap after GC invocations=17 (full 2):
 PSYoungGen      total 120832K, used 27166K [0x00000000f5580000, 0x0000000100000000, 0x0000000100000000)
  eden space 68608K, 0% used [0x00000000f5580000,0x00000000f5580000,0x00000000f9880000)
  from space 52224K, 52% used [0x00000000f9880000,0x00000000fb307ad0,0x00000000fcb80000)
  to   space 52224K, 0% used [0x00000000fcd00000,0x00000000fcd00000,0x0000000100000000)
 ParOldGen       total 91648K, used 70323K [0x00000000e0000000, 0x00000000e5980000, 0x00000000f5580000)
  object space 91648K, 76% used [0x00000000e0000000,0x00000000e44acd58,0x00000000e5980000)
 Metaspace       used 29977K, capacity 30462K, committed 30976K, reserved 1077248K
  class space    used 3592K, capacity 3720K, committed 3840K, reserved 1048576K
}
Event: 24.300 GC heap before
{Heap before GC invocations=18 (full 2):
 PSYoungGen      total 120832K, used 95774K [0x00000000f5580000, 0x0000000100000000, 0x0000000100000000)
  eden space 68608K, 100% used [0x00000000f5580000,0x00000000f9880000,0x00000000f9880000)
  from space 52224K, 52% used [0x00000000f9880000,0x00000000fb307ad0,0x00000000fcb80000)
  to   space 52224K, 0% used [0x00000000fcd00000,0x00000000fcd00000,0x0000000100000000)
 ParOldGen       total 91648K, used 70323K [0x00000000e0000000, 0x00000000e5980000, 0x00000000f5580000)
  object space 91648K, 76% used [0x00000000e0000000,0x00000000e44acd58,0x00000000e5980000)
 Metaspace       used 29986K, capacity 30468K, committed 30976K, reserved 1077248K
  class space    used 3592K, capacity 3721K, committed 3840K, reserved 1048576K
Event: 24.347 GC heap after
Heap after GC invocations=18 (full 2):
 PSYoungGen      total 113152K, used 40381K [0x00000000f5580000, 0x0000000100000000, 0x0000000100000000)
  eden space 60928K, 0% used [0x00000000f5580000,0x00000000f5580000,0x00000000f9100000)
  from space 52224K, 77% used [0x00000000fcd00000,0x00000000ff46f620,0x0000000100000000)
  to   space 56832K, 0% used [0x00000000f9100000,0x00000000f9100000,0x00000000fc880000)
 ParOldGen       total 91648K, used 70331K [0x00000000e0000000, 0x00000000e5980000, 0x00000000f5580000)
  object space 91648K, 76% used [0x00000000e0000000,0x00000000e44aed58,0x00000000e5980000)
 Metaspace       used 29986K, capacity 30468K, committed 30976K, reserved 1077248K
  class space    used 3592K, capacity 3721K, committed 3840K, reserved 1048576K
}
Event: 25.557 GC heap before
{Heap before GC invocations=19 (full 2):
 PSYoungGen      total 113152K, used 101309K [0x00000000f5580000, 0x0000000100000000, 0x0000000100000000)
  eden space 60928K, 100% used [0x00000000f5580000,0x00000000f9100000,0x00000000f9100000)
  from space 52224K, 77% used [0x00000000fcd00000,0x00000000ff46f620,0x0000000100000000)
  to   space 56832K, 0% used [0x00000000f9100000,0x00000000f9100000,0x00000000fc880000)
 ParOldGen       total 91648K, used 70331K [0x00000000e0000000, 0x00000000e5980000, 0x00000000f5580000)
  object space 91648K, 76% used [0x00000000e0000000,0x00000000e44aed58,0x00000000e5980000)
 Metaspace       used 30982K, capacity 31696K, committed 31788K, reserved 1077248K
  class space    used 3711K, capacity 3883K, committed 3968K, reserved 1048576K
Event: 25.611 GC heap after
Heap after GC invocations=19 (full 2):
 PSYoungGen      total 117760K, used 16203K [0x00000000f5580000, 0x00000000ffe80000, 0x0000000100000000)
  eden space 60928K, 0% used [0x00000000f5580000,0x00000000f5580000,0x00000000f9100000)
  from space 56832K, 28% used [0x00000000f9100000,0x00000000fa0d2c18,0x00000000fc880000)
  to   space 53760K, 0% used [0x00000000fca00000,0x00000000fca00000,0x00000000ffe80000)
 ParOldGen       total 91648K, used 70339K [0x00000000e0000000, 0x00000000e5980000, 0x00000000f5580000)
  object space 91648K, 76% used [0x00000000e0000000,0x00000000e44b0d58,0x00000000e5980000)
 Metaspace       used 30982K, capacity 31696K, committed 31788K, reserved 1077248K
  class space    used 3711K, capacity 3883K, committed 3968K, reserved 1048576K
}
Event: 25.640 GC heap before
{Heap before GC invocations=20 (full 2):
 PSYoungGen      total 117760K, used 18790K [0x00000000f5580000, 0x00000000ffe80000, 0x0000000100000000)
  eden space 60928K, 4% used [0x00000000f5580000,0x00000000f5806e60,0x00000000f9100000)
  from space 56832K, 28% used [0x00000000f9100000,0x00000000fa0d2c18,0x00000000fc880000)
  to   space 53760K, 0% used [0x00000000fca00000,0x00000000fca00000,0x00000000ffe80000)
 ParOldGen       total 91648K, used 70339K [0x00000000e0000000, 0x00000000e5980000, 0x00000000f5580000)
  object space 91648K, 76% used [0x00000000e0000000,0x00000000e44b0d58,0x00000000e5980000)
 Metaspace       used 30982K, capacity 31696K, committed 31788K, reserved 1077248K
  class space    used 3711K, capacity 3883K, committed 3968K, reserved 1048576K
Event: 25.712 GC heap after
Heap after GC invocations=20 (full 2):
 PSYoungGen      total 112128K, used 15837K [0x00000000f5580000, 0x00000000ff900000, 0x0000000100000000)
  eden space 64000K, 0% used [0x00000000f5580000,0x00000000f5580000,0x00000000f9400000)
  from space 48128K, 32% used [0x00000000fca00000,0x00000000fd9775b8,0x00000000ff900000)
  to   space 51712K, 0% used [0x00000000f9400000,0x00000000f9400000,0x00000000fc680000)
 ParOldGen       total 91648K, used 70347K [0x00000000e0000000, 0x00000000e5980000, 0x00000000f5580000)
  object space 91648K, 76% used [0x00000000e0000000,0x00000000e44b2d58,0x00000000e5980000)
 Metaspace       used 30982K, capacity 31696K, committed 31788K, reserved 1077248K
  class space    used 3711K, capacity 3883K, committed 3968K, reserved 1048576K
}
Event: 25.712 GC heap before
{Heap before GC invocations=21 (full 3):
 PSYoungGen      total 112128K, used 15837K [0x00000000f5580000, 0x00000000ff900000, 0x0000000100000000)
  eden space 64000K, 0% used [0x00000000f5580000,0x00000000f5580000,0x00000000f9400000)
  from space 48128K, 32% used [0x00000000fca00000,0x00000000fd9775b8,0x00000000ff900000)
  to   space 51712K, 0% used [0x00000000f9400000,0x00000000f9400000,0x00000000fc680000)
 ParOldGen       total 91648K, used 70347K [0x00000000e0000000, 0x00000000e5980000, 0x00000000f5580000)
  object space 91648K, 76% used [0x00000000e0000000,0x00000000e44b2d58,0x00000000e5980000)
 Metaspace       used 30982K, capacity 31696K, committed 31788K, reserved 1077248K
  class space    used 3711K, capacity 3883K, committed 3968K, reserved 1048576K
Event: 26.705 GC heap after
Heap after GC invocations=21 (full 3):
 PSYoungGen      total 112128K, used 0K [0x00000000f5580000, 0x00000000ff900000, 0x0000000100000000)
  eden space 64000K, 0% used [0x00000000f5580000,0x00000000f5580000,0x00000000f9400000)
  from space 48128K, 0% used [0x00000000fca00000,0x00000000fca00000,0x00000000ff900000)
  to   space 51712K, 0% used [0x00000000f9400000,0x00000000f9400000,0x00000000fc680000)
 ParOldGen       total 130048K, used 76049K [0x00000000e0000000, 0x00000000e7f00000, 0x00000000f5580000)
  object space 130048K, 58% used [0x00000000e0000000,0x00000000e4a447c8,0x00000000e7f00000)
 Metaspace       used 30982K, capacity 31696K, committed 31788K, reserved 1077248K
  class space    used 3711K, capacity 3883K, committed 3968K, reserved 1048576K
}
Event: 27.684 GC heap before
{Heap before GC invocations=22 (full 3):
 PSYoungGen      total 112128K, used 64000K [0x00000000f5580000, 0x00000000ff900000, 0x0000000100000000)
  eden space 64000K, 100% used [0x00000000f5580000,0x00000000f9400000,0x00000000f9400000)
  from space 48128K, 0% used [0x00000000fca00000,0x00000000fca00000,0x00000000ff900000)
  to   space 51712K, 0% used [0x00000000f9400000,0x00000000f9400000,0x00000000fc680000)
 ParOldGen       total 130048K, used 76049K [0x00000000e0000000, 0x00000000e7f00000, 0x00000000f5580000)
  object space 130048K, 58% used [0x00000000e0000000,0x00000000e4a447c8,0x00000000e7f00000)
 Metaspace       used 31323K, capacity 32110K, committed 32300K, reserved 1077248K
  class space    used 3756K, capacity 3952K, committed 3968K, reserved 1048576K

