# JRE version: Java(TM) SE Runtime Environment (8.0_91-b14) (build 1.8.0_91-b14)
# Java VM: Java HotSpot(TM) 64-Bit Server VM (25.91-b14 mixed mode linux-amd64 compressed oops)
Heap:
 PSYoungGen      total 138752K, used 125840K [0x00000000f5580000, 0x00000000fff80000, 0x0000000100000000)
  eden space 105472K, 100% used [0x00000000f5580000,0x00000000fbc80000,0x00000000fbc80000)
  from space 33280K, 61% used [0x00000000fdd00000,0x00000000ff0e4180,0x00000000ffd80000)
  to   space 33280K, 25% used [0x00000000fbc80000,0x00000000fc4b8030,0x00000000fdd00000)
 ParOldGen       total 209408K, used 132033K [0x00000000e0000000, 0x00000000ecc80000, 0x00000000f5580000)
  object space 209408K, 63% used [0x00000000e0000000,0x00000000e80f05f8,0x00000000ecc80000)
 Metaspace       used 38796K, capacity 39628K, committed 39808K, reserved 1085440K
  class space    used 4201K, capacity 4397K, committed 4480K, reserved 1048576K
GC Heap History (10 events):
Event: 3245.449 GC heap after
Heap after GC invocations=87 (full 9):
 PSYoungGen      total 136704K, used 0K [0x00000000f5580000, 0x00000000fff00000, 0x0000000100000000)
  eden space 99840K, 0% used [0x00000000f5580000,0x00000000f5580000,0x00000000fb700000)
  from space 36864K, 0% used [0x00000000fdb00000,0x00000000fdb00000,0x00000000fff00000)
  to   space 36864K, 0% used [0x00000000fb700000,0x00000000fb700000,0x00000000fdb00000)
 ParOldGen       total 209408K, used 115854K [0x00000000e0000000, 0x00000000ecc80000, 0x00000000f5580000)
  object space 209408K, 55% used [0x00000000e0000000,0x00000000e7123b28,0x00000000ecc80000)
 Metaspace       used 38522K, capacity 39362K, committed 39808K, reserved 1085440K
  class space    used 4177K, capacity 4358K, committed 4480K, reserved 1048576K
}
Event: 3245.781 GC heap before
{Heap before GC invocations=88 (full 9):
 PSYoungGen      total 136704K, used 99840K [0x00000000f5580000, 0x00000000fff00000, 0x0000000100000000)
  eden space 99840K, 100% used [0x00000000f5580000,0x00000000fb700000,0x00000000fb700000)
  from space 36864K, 0% used [0x00000000fdb00000,0x00000000fdb00000,0x00000000fff00000)
  to   space 36864K, 0% used [0x00000000fb700000,0x00000000fb700000,0x00000000fdb00000)
 ParOldGen       total 209408K, used 115854K [0x00000000e0000000, 0x00000000ecc80000, 0x00000000f5580000)
  object space 209408K, 55% used [0x00000000e0000000,0x00000000e7123b28,0x00000000ecc80000)
 Metaspace       used 38534K, capacity 39362K, committed 39808K, reserved 1085440K
  class space    used 4178K, capacity 4358K, committed 4480K, reserved 1048576K
Event: 3245.805 GC heap after
Heap after GC invocations=88 (full 9):
 PSYoungGen      total 115200K, used 15255K [0x00000000f5580000, 0x00000000ffd00000, 0x0000000100000000)
  eden space 99840K, 0% used [0x00000000f5580000,0x00000000f5580000,0x00000000fb700000)
  from space 15360K, 99% used [0x00000000fb700000,0x00000000fc5e5c20,0x00000000fc600000)
  to   space 35328K, 0% used [0x00000000fda80000,0x00000000fda80000,0x00000000ffd00000)
 ParOldGen       total 209408K, used 115854K [0x00000000e0000000, 0x00000000ecc80000, 0x00000000f5580000)
  object space 209408K, 55% used [0x00000000e0000000,0x00000000e7123b28,0x00000000ecc80000)
 Metaspace       used 38534K, capacity 39362K, committed 39808K, reserved 1085440K
  class space    used 4178K, capacity 4358K, committed 4480K, reserved 1048576K
}
Event: 3245.918 GC heap before
{Heap before GC invocations=89 (full 9):
 PSYoungGen      total 115200K, used 107968K [0x00000000f5580000, 0x00000000ffd00000, 0x0000000100000000)
  eden space 99840K, 92% used [0x00000000f5580000,0x00000000fb00a3e0,0x00000000fb700000)
  from space 15360K, 99% used [0x00000000fb700000,0x00000000fc5e5c20,0x00000000fc600000)
  to   space 35328K, 0% used [0x00000000fda80000,0x00000000fda80000,0x00000000ffd00000)
 ParOldGen       total 209408K, used 115854K [0x00000000e0000000, 0x00000000ecc80000, 0x00000000f5580000)
  object space 209408K, 55% used [0x00000000e0000000,0x00000000e7123b28,0x00000000ecc80000)
 Metaspace       used 38535K, capacity 39362K, committed 39808K, reserved 1085440K
  class space    used 4178K, capacity 4358K, committed 4480K, reserved 1048576K
Event: 3245.944 GC heap after
Heap after GC invocations=89 (full 9):
 PSYoungGen      total 137728K, used 12924K [0x00000000f5580000, 0x0000000100000000, 0x0000000100000000)
  eden space 102400K, 0% used [0x00000000f5580000,0x00000000f5580000,0x00000000fb980000)
  from space 35328K, 36% used [0x00000000fda80000,0x00000000fe71f050,0x00000000ffd00000)
  to   space 33792K, 0% used [0x00000000fb980000,0x00000000fb980000,0x00000000fda80000)
 ParOldGen       total 209408K, used 121063K [0x00000000e0000000, 0x00000000ecc80000, 0x00000000f5580000)
  object space 209408K, 57% used [0x00000000e0000000,0x00000000e7639f28,0x00000000ecc80000)
 Metaspace       used 38535K, capacity 39362K, committed 39808K, reserved 1085440K
  class space    used 4178K, capacity 4358K, committed 4480K, reserved 1048576K
}
Event: 5366.337 GC heap before
{Heap before GC invocations=90 (full 9):
 PSYoungGen      total 137728K, used 115324K [0x00000000f5580000, 0x0000000100000000, 0x0000000100000000)
  eden space 102400K, 100% used [0x00000000f5580000,0x00000000fb980000,0x00000000fb980000)
  from space 35328K, 36% used [0x00000000fda80000,0x00000000fe71f050,0x00000000ffd00000)
  to   space 33792K, 0% used [0x00000000fb980000,0x00000000fb980000,0x00000000fda80000)
 ParOldGen       total 209408K, used 121063K [0x00000000e0000000, 0x00000000ecc80000, 0x00000000f5580000)
  object space 209408K, 57% used [0x00000000e0000000,0x00000000e7639f28,0x00000000ecc80000)
 Metaspace       used 38598K, capacity 39458K, committed 39808K, reserved 1085440K
  class space    used 4184K, capacity 4390K, committed 4480K, reserved 1048576K
Event: 5366.547 GC heap after
Heap after GC invocations=90 (full 9):
 PSYoungGen      total 136192K, used 8810K [0x00000000f5580000, 0x00000000ffd80000, 0x0000000100000000)
  eden space 102400K, 0% used [0x00000000f5580000,0x00000000f5580000,0x00000000fb980000)
  from space 33792K, 26% used [0x00000000fb980000,0x00000000fc21ab80,0x00000000fda80000)
  to   space 33280K, 0% used [0x00000000fdd00000,0x00000000fdd00000,0x00000000ffd80000)
 ParOldGen       total 209408K, used 121201K [0x00000000e0000000, 0x00000000ecc80000, 0x00000000f5580000)
  object space 209408K, 57% used [0x00000000e0000000,0x00000000e765c6f8,0x00000000ecc80000)
 Metaspace       used 38598K, capacity 39458K, committed 39808K, reserved 1085440K
  class space    used 4184K, capacity 4390K, committed 4480K, reserved 1048576K
}
Event: 5384.778 GC heap before
{Heap before GC invocations=91 (full 9):
 PSYoungGen      total 136192K, used 111210K [0x00000000f5580000, 0x00000000ffd80000, 0x0000000100000000)
  eden space 102400K, 100% used [0x00000000f5580000,0x00000000fb980000,0x00000000fb980000)
  from space 33792K, 26% used [0x00000000fb980000,0x00000000fc21ab80,0x00000000fda80000)
  to   space 33280K, 0% used [0x00000000fdd00000,0x00000000fdd00000,0x00000000ffd80000)
 ParOldGen       total 209408K, used 121201K [0x00000000e0000000, 0x00000000ecc80000, 0x00000000f5580000)
  object space 209408K, 57% used [0x00000000e0000000,0x00000000e765c6f8,0x00000000ecc80000)
 Metaspace       used 38598K, capacity 39458K, committed 39808K, reserved 1085440K
  class space    used 4184K, capacity 4390K, committed 4480K, reserved 1048576K
Event: 5384.819 GC heap after
Heap after GC invocations=91 (full 9):
 PSYoungGen      total 138752K, used 20368K [0x00000000f5580000, 0x00000000fff80000, 0x0000000100000000)
  eden space 105472K, 0% used [0x00000000f5580000,0x00000000f5580000,0x00000000fbc80000)
  from space 33280K, 61% used [0x00000000fdd00000,0x00000000ff0e4180,0x00000000ffd80000)
  to   space 33280K, 0% used [0x00000000fbc80000,0x00000000fbc80000,0x00000000fdd00000)
 ParOldGen       total 209408K, used 128909K [0x00000000e0000000, 0x00000000ecc80000, 0x00000000f5580000)
  object space 209408K, 61% used [0x00000000e0000000,0x00000000e7de3478,0x00000000ecc80000)
 Metaspace       used 38598K, capacity 39458K, committed 39808K, reserved 1085440K
  class space    used 4184K, capacity 4390K, committed 4480K, reserved 1048576K
}
Event: 5386.551 GC heap before
{Heap before GC invocations=92 (full 9):
 PSYoungGen      total 138752K, used 125840K [0x00000000f5580000, 0x00000000fff80000, 0x0000000100000000)
  eden space 105472K, 100% used [0x00000000f5580000,0x00000000fbc80000,0x00000000fbc80000)
  from space 33280K, 61% used [0x00000000fdd00000,0x00000000ff0e4180,0x00000000ffd80000)
  to   space 33280K, 0% used [0x00000000fbc80000,0x00000000fbc80000,0x00000000fdd00000)
 ParOldGen       total 209408K, used 128909K [0x00000000e0000000, 0x00000000ecc80000, 0x00000000f5580000)
  object space 209408K, 61% used [0x00000000e0000000,0x00000000e7de3478,0x00000000ecc80000)
 Metaspace       used 38796K, capacity 39628K, committed 39808K, reserved 1085440K
  class space    used 4201K, capacity 4397K, committed 4480K, reserved 1048576K

