# JRE version: Java(TM) SE Runtime Environment (8.0_91-b14) (build 1.8.0_91-b14)
# Java VM: Java HotSpot(TM) 64-Bit Server VM (25.91-b14 mixed mode linux-amd64 compressed oops)
Heap:
 PSYoungGen      total 116736K, used 84897K [0x00000000f5580000, 0x0000000100000000, 0x0000000100000000)
  eden space 58880K, 53% used [0x00000000f5580000,0x00000000f747f210,0x00000000f8f00000)
  from space 57856K, 91% used [0x00000000fc780000,0x00000000ffb694c0,0x0000000100000000)
  to   space 57856K, 0% used [0x00000000f8f00000,0x00000000f8f00000,0x00000000fc780000)
 ParOldGen       total 160768K, used 95636K [0x00000000e0000000, 0x00000000e9d00000, 0x00000000f5580000)
  object space 160768K, 59% used [0x00000000e0000000,0x00000000e5d652a8,0x00000000e9d00000)
 Metaspace       used 35960K, capacity 36726K, committed 36992K, reserved 1081344K
  class space    used 4272K, capacity 4466K, committed 4480K, reserved 1048576K
GC Heap History (10 events):
Event: 47.222 GC heap before
{Heap before GC invocations=25 (full 3):
 PSYoungGen      total 103424K, used 103258K [0x00000000f5580000, 0x0000000100000000, 0x0000000100000000)
  eden space 65536K, 100% used [0x00000000f5580000,0x00000000f9580000,0x00000000f9580000)
  from space 37888K, 99% used [0x00000000f9580000,0x00000000fba56a18,0x00000000fba80000)
  to   space 56320K, 0% used [0x00000000fc900000,0x00000000fc900000,0x0000000100000000)
 ParOldGen       total 160768K, used 95461K [0x00000000e0000000, 0x00000000e9d00000, 0x00000000f5580000)
  object space 160768K, 59% used [0x00000000e0000000,0x00000000e5d39460,0x00000000e9d00000)
 Metaspace       used 34419K, capacity 35222K, committed 35328K, reserved 1081344K
  class space    used 4116K, capacity 4306K, committed 4352K, reserved 1048576K
Event: 47.327 GC heap after
Heap after GC invocations=25 (full 3):
 PSYoungGen      total 116224K, used 37289K [0x00000000f5580000, 0x0000000100000000, 0x0000000100000000)
  eden space 59904K, 0% used [0x00000000f5580000,0x00000000f5580000,0x00000000f9000000)
  from space 56320K, 66% used [0x00000000fc900000,0x00000000fed6a400,0x0000000100000000)
  to   space 57344K, 0% used [0x00000000f9000000,0x00000000f9000000,0x00000000fc800000)
 ParOldGen       total 160768K, used 95469K [0x00000000e0000000, 0x00000000e9d00000, 0x00000000f5580000)
  object space 160768K, 59% used [0x00000000e0000000,0x00000000e5d3b460,0x00000000e9d00000)
 Metaspace       used 34419K, capacity 35222K, committed 35328K, reserved 1081344K
  class space    used 4116K, capacity 4306K, committed 4352K, reserved 1048576K
}
Event: 48.673 GC heap before
{Heap before GC invocations=26 (full 3):
 PSYoungGen      total 116224K, used 97193K [0x00000000f5580000, 0x0000000100000000, 0x0000000100000000)
  eden space 59904K, 100% used [0x00000000f5580000,0x00000000f9000000,0x00000000f9000000)
  from space 56320K, 66% used [0x00000000fc900000,0x00000000fed6a400,0x0000000100000000)
  to   space 57344K, 0% used [0x00000000f9000000,0x00000000f9000000,0x00000000fc800000)
 ParOldGen       total 160768K, used 95469K [0x00000000e0000000, 0x00000000e9d00000, 0x00000000f5580000)
  object space 160768K, 59% used [0x00000000e0000000,0x00000000e5d3b460,0x00000000e9d00000)
 Metaspace       used 35081K, capacity 35862K, committed 36224K, reserved 1081344K
  class space    used 4186K, capacity 4370K, committed 4480K, reserved 1048576K
Event: 48.753 GC heap after
Heap after GC invocations=26 (full 3):
 PSYoungGen      total 117248K, used 34108K [0x00000000f5580000, 0x0000000100000000, 0x0000000100000000)
  eden space 59904K, 0% used [0x00000000f5580000,0x00000000f5580000,0x00000000f9000000)
  from space 57344K, 59% used [0x00000000f9000000,0x00000000fb14f088,0x00000000fc800000)
  to   space 56832K, 0% used [0x00000000fc880000,0x00000000fc880000,0x0000000100000000)
 ParOldGen       total 160768K, used 95477K [0x00000000e0000000, 0x00000000e9d00000, 0x00000000f5580000)
  object space 160768K, 59% used [0x00000000e0000000,0x00000000e5d3d460,0x00000000e9d00000)
 Metaspace       used 35081K, capacity 35862K, committed 36224K, reserved 1081344K
  class space    used 4186K, capacity 4370K, committed 4480K, reserved 1048576K
}
Event: 49.565 GC heap before
{Heap before GC invocations=27 (full 3):
 PSYoungGen      total 117248K, used 94012K [0x00000000f5580000, 0x0000000100000000, 0x0000000100000000)
  eden space 59904K, 100% used [0x00000000f5580000,0x00000000f9000000,0x00000000f9000000)
  from space 57344K, 59% used [0x00000000f9000000,0x00000000fb14f088,0x00000000fc800000)
  to   space 56832K, 0% used [0x00000000fc880000,0x00000000fc880000,0x0000000100000000)
 ParOldGen       total 160768K, used 95477K [0x00000000e0000000, 0x00000000e9d00000, 0x00000000f5580000)
  object space 160768K, 59% used [0x00000000e0000000,0x00000000e5d3d460,0x00000000e9d00000)
 Metaspace       used 35422K, capacity 36214K, committed 36480K, reserved 1081344K
  class space    used 4228K, capacity 4402K, committed 4480K, reserved 1048576K
Event: 49.624 GC heap after
Heap after GC invocations=27 (full 3):
 PSYoungGen      total 115712K, used 34353K [0x00000000f5580000, 0x00000000ffe80000, 0x0000000100000000)
  eden space 60416K, 0% used [0x00000000f5580000,0x00000000f5580000,0x00000000f9080000)
  from space 55296K, 62% used [0x00000000fc880000,0x00000000fea0c410,0x00000000ffe80000)
  to   space 56320K, 0% used [0x00000000f9080000,0x00000000f9080000,0x00000000fc780000)
 ParOldGen       total 160768K, used 95485K [0x00000000e0000000, 0x00000000e9d00000, 0x00000000f5580000)
  object space 160768K, 59% used [0x00000000e0000000,0x00000000e5d3f460,0x00000000e9d00000)
 Metaspace       used 35422K, capacity 36214K, committed 36480K, reserved 1081344K
  class space    used 4228K, capacity 4402K, committed 4480K, reserved 1048576K
}
Event: 50.089 GC heap before
{Heap before GC invocations=28 (full 3):
 PSYoungGen      total 115712K, used 94769K [0x00000000f5580000, 0x00000000ffe80000, 0x0000000100000000)
  eden space 60416K, 100% used [0x00000000f5580000,0x00000000f9080000,0x00000000f9080000)
  from space 55296K, 62% used [0x00000000fc880000,0x00000000fea0c410,0x00000000ffe80000)
  to   space 56320K, 0% used [0x00000000f9080000,0x00000000f9080000,0x00000000fc780000)
 ParOldGen       total 160768K, used 95485K [0x00000000e0000000, 0x00000000e9d00000, 0x00000000f5580000)
  object space 160768K, 59% used [0x00000000e0000000,0x00000000e5d3f460,0x00000000e9d00000)
 Metaspace       used 35598K, capacity 36374K, committed 36480K, reserved 1081344K
  class space    used 4248K, capacity 4434K, committed 4480K, reserved 1048576K
Event: 50.160 GC heap after
Heap after GC invocations=28 (full 3):
 PSYoungGen      total 116736K, used 43444K [0x00000000f5580000, 0x0000000100000000, 0x0000000100000000)
  eden space 60416K, 0% used [0x00000000f5580000,0x00000000f5580000,0x00000000f9080000)
  from space 56320K, 77% used [0x00000000f9080000,0x00000000fbaed120,0x00000000fc780000)
  to   space 57856K, 0% used [0x00000000fc780000,0x00000000fc780000,0x0000000100000000)
 ParOldGen       total 160768K, used 95485K [0x00000000e0000000, 0x00000000e9d00000, 0x00000000f5580000)
  object space 160768K, 59% used [0x00000000e0000000,0x00000000e5d3f460,0x00000000e9d00000)
 Metaspace       used 35598K, capacity 36374K, committed 36480K, reserved 1081344K
  class space    used 4248K, capacity 4434K, committed 4480K, reserved 1048576K
}
Event: 50.440 GC heap before
{Heap before GC invocations=29 (full 3):
 PSYoungGen      total 116736K, used 103860K [0x00000000f5580000, 0x0000000100000000, 0x0000000100000000)
  eden space 60416K, 100% used [0x00000000f5580000,0x00000000f9080000,0x00000000f9080000)
  from space 56320K, 77% used [0x00000000f9080000,0x00000000fbaed120,0x00000000fc780000)
  to   space 57856K, 0% used [0x00000000fc780000,0x00000000fc780000,0x0000000100000000)
 ParOldGen       total 160768K, used 95485K [0x00000000e0000000, 0x00000000e9d00000, 0x00000000f5580000)
  object space 160768K, 59% used [0x00000000e0000000,0x00000000e5d3f460,0x00000000e9d00000)
 Metaspace       used 35785K, capacity 36502K, committed 36736K, reserved 1081344K
  class space    used 4265K, capacity 4434K, committed 4480K, reserved 1048576K
Event: 50.527 GC heap after
Heap after GC invocations=29 (full 3):
 PSYoungGen      total 116736K, used 53157K [0x00000000f5580000, 0x0000000100000000, 0x0000000100000000)
  eden space 58880K, 0% used [0x00000000f5580000,0x00000000f5580000,0x00000000f8f00000)
  from space 57856K, 91% used [0x00000000fc780000,0x00000000ffb694c0,0x0000000100000000)
  to   space 57856K, 0% used [0x00000000f8f00000,0x00000000f8f00000,0x00000000fc780000)
 ParOldGen       total 160768K, used 95636K [0x00000000e0000000, 0x00000000e9d00000, 0x00000000f5580000)
  object space 160768K, 59% used [0x00000000e0000000,0x00000000e5d652a8,0x00000000e9d00000)
 Metaspace       used 35785K, capacity 36502K, committed 36736K, reserved 1081344K
  class space    used 4265K, capacity 4434K, committed 4480K, reserved 1048576K
}

