# JRE version: Java(TM) SE Runtime Environment (8.0_91-b14) (build 1.8.0_91-b14)
# Java VM: Java HotSpot(TM) 64-Bit Server VM (25.91-b14 mixed mode linux-amd64 compressed oops)
Heap:
 PSYoungGen      total 138752K, used 17536K [0x00000000f5580000, 0x0000000100000000, 0x0000000100000000)
  eden space 101376K, 0% used [0x00000000f5580000,0x00000000f5580000,0x00000000fb880000)
  from space 37376K, 46% used [0x00000000fdb80000,0x00000000feca0070,0x0000000100000000)
  to   space 35840K, 0% used [0x00000000fb880000,0x00000000fb880000,0x00000000fdb80000)
 ParOldGen       total 205824K, used 196043K [0x00000000e0000000, 0x00000000ec900000, 0x00000000f5580000)
  object space 205824K, 95% used [0x00000000e0000000,0x00000000ebf72fc8,0x00000000ec900000)
 Metaspace       used 39694K, capacity 40540K, committed 40576K, reserved 1085440K
  class space    used 4259K, capacity 4453K, committed 4480K, reserved 1048576K
GC Heap History (10 events):
Event: 8188.630 GC heap after
Heap after GC invocations=120 (full 10):
 PSYoungGen      total 140288K, used 19632K [0x00000000f5580000, 0x0000000100000000, 0x0000000100000000)
  eden space 105472K, 0% used [0x00000000f5580000,0x00000000f5580000,0x00000000fbc80000)
  from space 34816K, 56% used [0x00000000fde00000,0x00000000ff12c180,0x0000000100000000)
  to   space 34304K, 0% used [0x00000000fbc80000,0x00000000fbc80000,0x00000000fde00000)
 ParOldGen       total 205824K, used 174974K [0x00000000e0000000, 0x00000000ec900000, 0x00000000f5580000)
  object space 205824K, 85% used [0x00000000e0000000,0x00000000eaadfbf0,0x00000000ec900000)
 Metaspace       used 39664K, capacity 40534K, committed 40576K, reserved 1085440K
  class space    used 4259K, capacity 4452K, committed 4480K, reserved 1048576K
}
Event: 8189.028 GC heap before
{Heap before GC invocations=121 (full 10):
 PSYoungGen      total 140288K, used 125104K [0x00000000f5580000, 0x0000000100000000, 0x0000000100000000)
  eden space 105472K, 100% used [0x00000000f5580000,0x00000000fbc80000,0x00000000fbc80000)
  from space 34816K, 56% used [0x00000000fde00000,0x00000000ff12c180,0x0000000100000000)
  to   space 34304K, 0% used [0x00000000fbc80000,0x00000000fbc80000,0x00000000fde00000)
 ParOldGen       total 205824K, used 174974K [0x00000000e0000000, 0x00000000ec900000, 0x00000000f5580000)
  object space 205824K, 85% used [0x00000000e0000000,0x00000000eaadfbf0,0x00000000ec900000)
 Metaspace       used 39670K, capacity 40534K, committed 40576K, reserved 1085440K
  class space    used 4259K, capacity 4452K, committed 4480K, reserved 1048576K
Event: 8189.073 GC heap after
Heap after GC invocations=121 (full 10):
 PSYoungGen      total 139776K, used 20551K [0x00000000f5580000, 0x00000000fff80000, 0x0000000100000000)
  eden space 105472K, 0% used [0x00000000f5580000,0x00000000f5580000,0x00000000fbc80000)
  from space 34304K, 59% used [0x00000000fbc80000,0x00000000fd091f10,0x00000000fde00000)
  to   space 34304K, 0% used [0x00000000fde00000,0x00000000fde00000,0x00000000fff80000)
 ParOldGen       total 205824K, used 179795K [0x00000000e0000000, 0x00000000ec900000, 0x00000000f5580000)
  object space 205824K, 87% used [0x00000000e0000000,0x00000000eaf94d70,0x00000000ec900000)
 Metaspace       used 39670K, capacity 40534K, committed 40576K, reserved 1085440K
  class space    used 4259K, capacity 4452K, committed 4480K, reserved 1048576K
}
Event: 8189.200 GC heap before
{Heap before GC invocations=122 (full 10):
 PSYoungGen      total 139776K, used 124009K [0x00000000f5580000, 0x00000000fff80000, 0x0000000100000000)
  eden space 105472K, 98% used [0x00000000f5580000,0x00000000fba886b0,0x00000000fbc80000)
  from space 34304K, 59% used [0x00000000fbc80000,0x00000000fd091f10,0x00000000fde00000)
  to   space 34304K, 0% used [0x00000000fde00000,0x00000000fde00000,0x00000000fff80000)
 ParOldGen       total 205824K, used 179795K [0x00000000e0000000, 0x00000000ec900000, 0x00000000f5580000)
  object space 205824K, 87% used [0x00000000e0000000,0x00000000eaf94d70,0x00000000ec900000)
 Metaspace       used 39672K, capacity 40534K, committed 40576K, reserved 1085440K
  class space    used 4259K, capacity 4452K, committed 4480K, reserved 1048576K
Event: 8189.211 GC heap after
Heap after GC invocations=122 (full 10):
 PSYoungGen      total 138240K, used 192K [0x00000000f5580000, 0x0000000100000000, 0x0000000100000000)
  eden space 103936K, 0% used [0x00000000f5580000,0x00000000f5580000,0x00000000fbb00000)
  from space 34304K, 0% used [0x00000000fde00000,0x00000000fde30000,0x00000000fff80000)
  to   space 35328K, 0% used [0x00000000fbb00000,0x00000000fbb00000,0x00000000fdd80000)
 ParOldGen       total 205824K, used 183656K [0x00000000e0000000, 0x00000000ec900000, 0x00000000f5580000)
  object space 205824K, 89% used [0x00000000e0000000,0x00000000eb35a168,0x00000000ec900000)
 Metaspace       used 39672K, capacity 40534K, committed 40576K, reserved 1085440K
  class space    used 4259K, capacity 4452K, committed 4480K, reserved 1048576K
}
Event: 8550.946 GC heap before
{Heap before GC invocations=123 (full 10):
 PSYoungGen      total 138240K, used 104128K [0x00000000f5580000, 0x0000000100000000, 0x0000000100000000)
  eden space 103936K, 100% used [0x00000000f5580000,0x00000000fbb00000,0x00000000fbb00000)
  from space 34304K, 0% used [0x00000000fde00000,0x00000000fde30000,0x00000000fff80000)
  to   space 35328K, 0% used [0x00000000fbb00000,0x00000000fbb00000,0x00000000fdd80000)
 ParOldGen       total 205824K, used 183656K [0x00000000e0000000, 0x00000000ec900000, 0x00000000f5580000)
  object space 205824K, 89% used [0x00000000e0000000,0x00000000eb35a168,0x00000000ec900000)
 Metaspace       used 39694K, capacity 40540K, committed 40576K, reserved 1085440K
  class space    used 4259K, capacity 4453K, committed 4480K, reserved 1048576K
Event: 8550.981 GC heap after
Heap after GC invocations=123 (full 10):
 PSYoungGen      total 130048K, used 26092K [0x00000000f5580000, 0x0000000100000000, 0x0000000100000000)
  eden space 103936K, 0% used [0x00000000f5580000,0x00000000f5580000,0x00000000fbb00000)
  from space 26112K, 99% used [0x00000000fbb00000,0x00000000fd47b378,0x00000000fd480000)
  to   space 37376K, 0% used [0x00000000fdb80000,0x00000000fdb80000,0x0000000100000000)
 ParOldGen       total 205824K, used 183696K [0x00000000e0000000, 0x00000000ec900000, 0x00000000f5580000)
  object space 205824K, 89% used [0x00000000e0000000,0x00000000eb364168,0x00000000ec900000)
 Metaspace       used 39694K, capacity 40540K, committed 40576K, reserved 1085440K
  class space    used 4259K, capacity 4453K, committed 4480K, reserved 1048576K
}
Event: 8551.182 GC heap before
{Heap before GC invocations=124 (full 10):
 PSYoungGen      total 130048K, used 130028K [0x00000000f5580000, 0x0000000100000000, 0x0000000100000000)
  eden space 103936K, 100% used [0x00000000f5580000,0x00000000fbb00000,0x00000000fbb00000)
  from space 26112K, 99% used [0x00000000fbb00000,0x00000000fd47b378,0x00000000fd480000)
  to   space 37376K, 0% used [0x00000000fdb80000,0x00000000fdb80000,0x0000000100000000)
 ParOldGen       total 205824K, used 183696K [0x00000000e0000000, 0x00000000ec900000, 0x00000000f5580000)
  object space 205824K, 89% used [0x00000000e0000000,0x00000000eb364168,0x00000000ec900000)
 Metaspace       used 39694K, capacity 40540K, committed 40576K, reserved 1085440K
  class space    used 4259K, capacity 4453K, committed 4480K, reserved 1048576K
Event: 8551.218 GC heap after
Heap after GC invocations=124 (full 10):
 PSYoungGen      total 138752K, used 17536K [0x00000000f5580000, 0x0000000100000000, 0x0000000100000000)
  eden space 101376K, 0% used [0x00000000f5580000,0x00000000f5580000,0x00000000fb880000)
  from space 37376K, 46% used [0x00000000fdb80000,0x00000000feca0070,0x0000000100000000)
  to   space 35840K, 0% used [0x00000000fb880000,0x00000000fb880000,0x00000000fdb80000)
 ParOldGen       total 205824K, used 196043K [0x00000000e0000000, 0x00000000ec900000, 0x00000000f5580000)
  object space 205824K, 95% used [0x00000000e0000000,0x00000000ebf72fc8,0x00000000ec900000)
 Metaspace       used 39694K, capacity 40540K, committed 40576K, reserved 1085440K
  class space    used 4259K, capacity 4453K, committed 4480K, reserved 1048576K
}
Event: 8551.218 GC heap before
{Heap before GC invocations=125 (full 11):
 PSYoungGen      total 138752K, used 17536K [0x00000000f5580000, 0x0000000100000000, 0x0000000100000000)
  eden space 101376K, 0% used [0x00000000f5580000,0x00000000f5580000,0x00000000fb880000)
  from space 37376K, 46% used [0x00000000fdb80000,0x00000000feca0070,0x0000000100000000)
  to   space 35840K, 0% used [0x00000000fb880000,0x00000000fb880000,0x00000000fdb80000)
 ParOldGen       total 205824K, used 196043K [0x00000000e0000000, 0x00000000ec900000, 0x00000000f5580000)
  object space 205824K, 95% used [0x00000000e0000000,0x00000000ebf72fc8,0x00000000ec900000)
 Metaspace       used 39694K, capacity 40540K, committed 40576K, reserved 1085440K
  class space    used 4259K, capacity 4453K, committed 4480K, reserved 1048576K

